--------------------------------------------------------------------------------
Release 14.7 Trace  (nt64)
Copyright (c) 1995-2013 Xilinx, Inc.  All rights reserved.

C:\Xilinx\14.7\ISE_DS\ISE\bin\nt64\unwrapped\trce.exe -intstyle ise -v 3 -s 1
-n 3 -fastpaths -xml BR_Top.twx BR_Top.ncd -o BR_Top.twr BR_Top.pcf -ucf
Nexys4DDR_Master.ucf

Design file:              BR_Top.ncd
Physical constraint file: BR_Top.pcf
Device,package,speed:     xc7a100t,csg324,C,-1 (PRODUCTION 1.10 2013-10-13)
Report level:             verbose report

Environment Variable      Effect 
--------------------      ------ 
NONE                      No environment variables were set
--------------------------------------------------------------------------------

INFO:Timing:2698 - No timing constraints found, doing default enumeration.
INFO:Timing:3412 - To improve timing, see the Timing Closure User Guide (UG612).
INFO:Timing:2752 - To get complete path coverage, use the unconstrained paths 
   option. All paths that are not constrained will be reported in the 
   unconstrained paths section(s) of the report.
INFO:Timing:3339 - The clock-to-out numbers in this timing report are based on 
   a 50 Ohm transmission line loading model.  For the details of this model, 
   and for more information on accounting for different loading conditions, 
   please see the device datasheet.



Data Sheet report:
-----------------
All values displayed in nanoseconds (ns)

Setup/Hold to clock clk
------------+------------+------------+------------+------------+------------------+--------+
            |Max Setup to|  Process   |Max Hold to |  Process   |                  | Clock  |
Source      | clk (edge) |   Corner   | clk (edge) |   Corner   |Internal Clock(s) | Phase  |
------------+------------+------------+------------+------------+------------------+--------+
clr         |    1.057(R)|      FAST  |    0.742(R)|      SLOW  |clk_BUFGP         |   0.000|
------------+------------+------------+------------+------------+------------------+--------+

Clock clk to Pad
------------+-----------------+------------+-----------------+------------+------------------+--------+
            |Max (slowest) clk|  Process   |Min (fastest) clk|  Process   |                  | Clock  |
Destination |  (edge) to PAD  |   Corner   |  (edge) to PAD  |   Corner   |Internal Clock(s) | Phase  |
------------+-----------------+------------+-----------------+------------+------------------+--------+
an<0>       |        13.773(R)|      SLOW  |         4.242(R)|      FAST  |clk_BUFGP         |   0.000|
an<1>       |        14.794(R)|      SLOW  |         4.600(R)|      FAST  |clk_BUFGP         |   0.000|
an<2>       |        14.638(R)|      SLOW  |         4.565(R)|      FAST  |clk_BUFGP         |   0.000|
an<3>       |        14.529(R)|      SLOW  |         4.482(R)|      FAST  |clk_BUFGP         |   0.000|
segment<0>  |        16.462(R)|      SLOW  |         4.636(R)|      FAST  |clk_BUFGP         |   0.000|
segment<1>  |        16.400(R)|      SLOW  |         4.793(R)|      FAST  |clk_BUFGP         |   0.000|
segment<2>  |        15.701(R)|      SLOW  |         4.276(R)|      FAST  |clk_BUFGP         |   0.000|
segment<3>  |        16.429(R)|      SLOW  |         4.753(R)|      FAST  |clk_BUFGP         |   0.000|
segment<4>  |        16.102(R)|      SLOW  |         4.451(R)|      FAST  |clk_BUFGP         |   0.000|
segment<5>  |        15.706(R)|      SLOW  |         4.483(R)|      FAST  |clk_BUFGP         |   0.000|
segment<6>  |        15.356(R)|      SLOW  |         4.318(R)|      FAST  |clk_BUFGP         |   0.000|
------------+-----------------+------------+-----------------+------------+------------------+--------+

Clock to Setup on destination clock clk
---------------+---------+---------+---------+---------+
               | Src:Rise| Src:Fall| Src:Rise| Src:Fall|
Source Clock   |Dest:Rise|Dest:Rise|Dest:Fall|Dest:Fall|
---------------+---------+---------+---------+---------+
clk            |    2.329|         |         |         |
---------------+---------+---------+---------+---------+


Analysis completed Thu Jan 05 01:35:33 2017 
--------------------------------------------------------------------------------

Trace Settings:
-------------------------
Trace Settings 

Peak Memory Usage: 742 MB



