#-----------------------------------------------------------
# PlanAhead v14.7 (64-bit)
# Build 321239 by xbuild on Fri Sep 27 19:29:51 MDT 2013
# Start of session at: Sat Dec 17 20:12:33 2016
# Process ID: 724
# Log file: C:/Users/fairy/Documents/Computer Science/Digital Logic Design/Project/BlockyRoads/src/BlockyRoads/planAhead_run_1/planAhead.log
# Journal file: C:/Users/fairy/Documents/Computer Science/Digital Logic Design/Project/BlockyRoads/src/BlockyRoads/planAhead_run_1/planAhead.jou
#-----------------------------------------------------------
INFO: [Common 17-78] Attempting to get a license: PlanAhead
INFO: [Common 17-290] Got license for PlanAhead
INFO: [Device 21-36] Loading parts and site information from C:/Xilinx/14.7/ISE_DS/PlanAhead/data/parts/arch.xml
Parsing RTL primitives file [C:/Xilinx/14.7/ISE_DS/PlanAhead/data/parts/xilinx/rtl/prims/rtl_prims.xml]
Finished parsing RTL primitives file [C:/Xilinx/14.7/ISE_DS/PlanAhead/data/parts/xilinx/rtl/prims/rtl_prims.xml]
start_gui
source {C:/Users/fairy/Documents/Computer Science/Digital Logic Design/Project/BlockyRoads/src/BlockyRoads/pa.fromNetlist.tcl}
# create_project -name BlockyRoads -dir "C:/Users/fairy/Documents/Computer Science/Digital Logic Design/Project/BlockyRoads/src/BlockyRoads/planAhead_run_2" -part xc7a100tcsg324-1
# set_property design_mode GateLvl [get_property srcset [current_run -impl]]
# set_property edif_top_file "C:/Users/fairy/Documents/Computer Science/Digital Logic Design/Project/BlockyRoads/src/BlockyRoads/BR_Top.ngc" [ get_property srcset [ current_run ] ]
# add_files -norecurse { {C:/Users/fairy/Documents/Computer Science/Digital Logic Design/Project/BlockyRoads/src/BlockyRoads} {ipcore_dir} }
INFO: [Common 17-41] Interrupt caught. Command should exit soon.
INFO: [Common 17-344] 'source' was cancelled
exit
ERROR: [PlanAhead 12-106] *** Exception: ui.h.b: Found deleted key in HTclEventBroker. Verify if the classes listed here call cleanup()
HTclEvent: SIGNAL_BUS_MODIFY   Classes: ui.views.aR 
HTclEvent: DEBUG_PORT_CONFIG_CHANGE   Classes: ui.views.aR 
HTclEvent: DEBUG_CORE_CONFIG_CHANGE   Classes: ui.views.aR 
HTclEvent: SIGNAL_MODIFY   Classes: ui.views.aR 
 (See C:/Users/fairy/Documents/Computer Science/Digital Logic Design/Project/BlockyRoads/src/BlockyRoads\planAhead_pid724.debug)
ERROR: [Common 17-39] 'stop_gui' failed due to earlier errors.
INFO: [Common 17-206] Exiting PlanAhead at Sat Dec 17 20:13:01 2016...
INFO: [Common 17-83] Releasing license: PlanAhead
