INFO:sim:172 - Generating IP...
Resolving generics for 'digit'...
Applying external generics to 'digit'...
Delivering associated files for 'digit'...
Delivering EJava files for 'digit'...
Generating implementation netlist for 'digit'...
INFO:sim - Pre-processing HDL files for 'digit'...
Running synthesis for 'digit'
Running ngcbuild...
Writing VEO instantiation template for 'digit'...
Writing Verilog behavioral simulation model for 'digit'...
WARNING:sim - Overwriting existing file C:/Users/fairy/Documents/Computer
   Science/Digital Logic
   Design/Project/BlockyRoads/src/BlockyRoads/ipcore_dir/tmp/_cg/digit/doc/blk_m
   em_gen_v7_3_vinfo.html with file from view xilinx_documentation
Delivered 1 file into directory C:/Users/fairy/Documents/Computer
Science/Digital Logic
Design/Project/BlockyRoads/src/BlockyRoads/ipcore_dir/tmp/_cg/digit
Generating ASY schematic symbol...
INFO:sim:949 - Finished generation of ASY schematic symbol.
Generating SYM schematic symbol for 'digit'...
Generating metadata file...
Regenerating ISE project file for 'digit'...
Generating ISE project...
XCO file found: digit.xco
XMDF file found: digit_xmdf.tcl
Adding C:/Users/fairy/Documents/Computer Science/Digital Logic
Design/Project/BlockyRoads/src/BlockyRoads/ipcore_dir/tmp/_cg/digit.asy -view
all -origin_type imported
Adding C:/Users/fairy/Documents/Computer Science/Digital Logic
Design/Project/BlockyRoads/src/BlockyRoads/ipcore_dir/tmp/_cg/digit.ngc -view
all -origin_type created
Checking file "C:/Users/fairy/Documents/Computer Science/Digital Logic
Design/Project/BlockyRoads/src/BlockyRoads/ipcore_dir/tmp/_cg/digit.ngc" for
project device match ...
File "C:/Users/fairy/Documents/Computer Science/Digital Logic
Design/Project/BlockyRoads/src/BlockyRoads/ipcore_dir/tmp/_cg/digit.ngc" device
information matches project device.
Adding C:/Users/fairy/Documents/Computer Science/Digital Logic
Design/Project/BlockyRoads/src/BlockyRoads/ipcore_dir/tmp/_cg/digit.sym -view
all -origin_type imported
Adding C:/Users/fairy/Documents/Computer Science/Digital Logic
Design/Project/BlockyRoads/src/BlockyRoads/ipcore_dir/tmp/_cg/digit.v -view all
-origin_type created
INFO:HDLCompiler:1845 - Analyzing Verilog file
   "C:/Users/fairy/Documents/Computer Science/Digital Logic
   Design/Project/BlockyRoads/src/BlockyRoads/ipcore_dir/tmp/_cg/digit.v" into
   library work
INFO:ProjectMgmt - Parsing design hierarchy completed successfully.
Adding C:/Users/fairy/Documents/Computer Science/Digital Logic
Design/Project/BlockyRoads/src/BlockyRoads/ipcore_dir/tmp/_cg/digit.veo -view
all -origin_type imported
INFO:TclTasksC:2116 - The automatic calculation of top has been turned-off.
   Please set the new top explicitly by running the "project set top" command.
   To re-calculate the new top automatically, set the "Auto Implementation Top"
   property to true.
Top level has been set to "/digit"
Generating README file...
Generating FLIST file...
INFO:sim:948 - Finished FLIST file generation.
Launching README viewer...
Moving files to output directory...
Finished moving files to output directory
Wrote CGP file for project 'digit'.
